<?xml version="1.0" encoding="UTF-8"?>
<!-- Generated by org.testng.reporters.JUnitReportReporter -->
<testsuite hostname="DESKTOP-VLILFCN" failures="0" tests="7" name="trello.SimpleBooks" time="12.067" errors="0" timestamp="2023-09-17T18:05:18 IST" skipped="0">
  <testcase classname="trello.SimpleBooks" name="Authentication" time="1.880"/>
  <testcase classname="trello.SimpleBooks" name="SubmitAnOrder" time="1.500"/>
  <testcase classname="trello.SimpleBooks" name="getListOfBooks" time="1.364"/>
  <testcase classname="trello.SimpleBooks" name="getABookById" time="1.301"/>
  <testcase classname="trello.SimpleBooks" name="getAllOrders" time="1.273"/>
  <testcase classname="trello.SimpleBooks" name="getAnOrder" time="1.319"/>
  <testcase classname="trello.SimpleBooks" name="updateAnOrder" time="3.430"/>
</testsuite> <!-- trello.SimpleBooks -->
