<?xml version="1.0" encoding="UTF-8"?>
<!-- Generated by org.testng.reporters.JUnitReportReporter -->
<testsuite hostname="DESKTOP-VLILFCN" failures="0" tests="1" name="trello.CRUD" time="56.596" errors="0" timestamp="2023-09-16T16:29:54 IST" skipped="0">
  <testcase classname="trello.CRUD" name="dataDrivenSetup" time="56.596"/>
</testsuite> <!-- trello.CRUD -->
