<?xml version="1.0" encoding="UTF-8"?>
<!-- Generated by org.testng.reporters.JUnitReportReporter -->
<testsuite hostname="DESKTOP-VLILFCN" failures="0" tests="7" name="trello.SimpleBooks" time="11.173" errors="0" timestamp="2023-09-17T18:20:42 IST" skipped="0">
  <testcase classname="trello.SimpleBooks" name="Authentication" time="1.712"/>
  <testcase classname="trello.SimpleBooks" name="SubmitAnOrder" time="1.581"/>
  <testcase classname="trello.SimpleBooks" name="getListOfBooks" time="1.275"/>
  <testcase classname="trello.SimpleBooks" name="getABookById" time="1.385"/>
  <testcase classname="trello.SimpleBooks" name="getAllOrders" time="1.319"/>
  <testcase classname="trello.SimpleBooks" name="getAnOrder" time="1.170"/>
  <testcase classname="trello.SimpleBooks" name="updateAnOrder" time="2.731"/>
</testsuite> <!-- trello.SimpleBooks -->
